<?xml version="1.0" encoding="UTF-8"?>
<testsuite xmlns:xsi="http://www.w3.org/2001/XMLSchema-instance" xsi:noNamespaceSchemaLocation="https://maven.apache.org/surefire/maven-surefire-plugin/xsd/surefire-test-report-3.0.xsd" version="3.0" name="com.example.taskmanager.TaskTest" time="0.05" tests="20" errors="0" skipped="0" failures="0">
  <properties>
[...]
</properties>
  <testcase name="testIsComplete" classname="com.example.taskmanager.TaskTest" time="0.003"/>
  <testcase name="testTaskCreationWithNullTitle" classname="com.example.taskmanager.TaskTest" time="0.001"/>
  <testcase name="testDescriptionTrimming" classname="com.example.taskmanager.TaskTest" time="0.001"/>
  <testcase name="testMarkComplete" classname="com.example.taskmanager.TaskTest" time="0.001"/>
  <testcase name="testTaskCreationWithNullId" classname="com.example.taskmanager.TaskTest" time="0.001"/>
  <testcase name="testTaskCreationWithNullDescription" classname="com.example.taskmanager.TaskTest" time="0"/>
  <testcase name="testSetTitleWithEmpty" classname="com.example.taskmanager.TaskTest" time="0.001"/>
  <testcase name="testSetDescription" classname="com.example.taskmanager.TaskTest" time="0"/>
  <testcase name="testToString" classname="com.example.taskmanager.TaskTest" time="0.014"/>
  <testcase name="testTaskHashCode" classname="com.example.taskmanager.TaskTest" time="0.001"/>
  <testcase name="testTaskCreationWithEmptyId" classname="com.example.taskmanager.TaskTest" time="0.004"/>
  <testcase name="testSetDescriptionWithNull" classname="com.example.taskmanager.TaskTest" time="0.001"/>
  <testcase name="testTaskEquality" classname="com.example.taskmanager.TaskTest" time="0"/>
  <testcase name="testTitleTrimming" classname="com.example.taskmanager.TaskTest" time="0"/>
  <testcase name="testSetTitleWithNull" classname="com.example.taskmanager.TaskTest" time="0.001"/>
  <testcase name="testTaskCreationWithEmptyTitle" classname="com.example.taskmanager.TaskTest" time="0.001"/>
  <testcase name="testSetStatusWithNull" classname="com.example.taskmanager.TaskTest" time="0.001"/>
  <testcase name="testTaskCreation" classname="com.example.taskmanager.TaskTest" time="0.001"/>
  <testcase name="testSetStatus" classname="com.example.taskmanager.TaskTest" time="0.001"/>
  <testcase name="testSetTitle" classname="com.example.taskmanager.TaskTest" time="0.001"/>
</testsuite>